<?xml version="1.0" encoding="UTF-8"?>
<!-- Generated by org.testng.reporters.JUnitXMLReporter -->
<testsuite ignored="0" hostname="DESKTOP-EAO4KQV" failures="0" tests="4" name="chromeTest" time="22.894" errors="0" timestamp="2022-06-07T23:12:57 IST">
  <testcase classname="TestClasses.VerifyUserCanByProduct" name="@AfterMethod afterMethod" time="0.009">
    <failure type="java.lang.NullPointerException" message="Cannot invoke &amp;quot;com.aventstack.extentreports.ExtentTest.log(com.aventstack.extentreports.Status, String)&amp;quot; because &amp;quot;this.test&amp;quot; is null">
      <![CDATA[java.lang.NullPointerException: Cannot invoke "com.aventstack.extentreports.ExtentTest.log(com.aventstack.extentreports.Status, String)" because "this.test" is null
at TestClasses.VerifyUserCanByProduct.afterMethod(VerifyUserCanByProduct.java:91)
at java.base/java.util.ArrayList.forEach(ArrayList.java:1511)
... Removed 32 stack frames]]>
    </failure>
  </testcase> <!-- @AfterMethod afterMethod -->
  <testcase classname="TestClasses.VerifyUserCanByProduct" name="@BeforeMethod beforeMethod" time="0.0">
    <skipped/>
  </testcase> <!-- @BeforeMethod beforeMethod -->
  <testcase classname="TestClasses.VerifyUserCanByProduct" name="@AfterMethod afterMethod" time="0.0">
    <skipped/>
  </testcase> <!-- @AfterMethod afterMethod -->
  <testcase classname="TestClasses.VerifyUserCanByProduct" name="@BeforeMethod beforeMethod" time="0.0">
    <skipped/>
  </testcase> <!-- @BeforeMethod beforeMethod -->
  <testcase classname="TestClasses.VerifyUserCanByProduct" name="@AfterMethod afterMethod" time="0.0">
    <skipped/>
  </testcase> <!-- @AfterMethod afterMethod -->
  <testcase classname="TestClasses.VerifyUserCanByProduct" name="@AfterClass afterClass" time="0.0">
    <skipped/>
  </testcase> <!-- @AfterClass afterClass -->
  <testcase classname="TestClasses.VerifyUserCanByProduct" name="VerifyUserCanLogin" time="6.072"/>
  <testcase classname="TestClasses.VerifyUserCanByProduct" name="VerifyUserCanSerchProduct" time="0.0">
    <skipped/>
  </testcase> <!-- VerifyUserCanSerchProduct -->
  <testcase classname="TestClasses.VerifyUserCanByProduct" name="VerifyUserCanMoveToTheProductDetailsPage" time="0.0">
    <skipped/>
  </testcase> <!-- VerifyUserCanMoveToTheProductDetailsPage -->
  <testcase classname="TestClasses.userCanRemoveProductFromCart" name="f" time="0.006"/>
</testsuite> <!-- chromeTest -->
